  [1m[35m (257.9ms)[0m  [1m[35mCREATE DATABASE "TodoApp_development" ENCODING = 'unicode'[0m
  ↳ bin/rails:9
  [1m[35m (115.3ms)[0m  [1m[35mCREATE DATABASE "TodoApp_test" ENCODING = 'unicode'[0m
  ↳ bin/rails:9
  [1m[35m (11.8ms)[0m  [1m[35mCREATE TABLE "schema_migrations" ("version" character varying NOT NULL PRIMARY KEY)[0m
  ↳ bin/rails:9
  [1m[35m (3.6ms)[0m  [1m[35mCREATE TABLE "ar_internal_metadata" ("key" character varying NOT NULL PRIMARY KEY, "value" character varying, "created_at" timestamp NOT NULL, "updated_at" timestamp NOT NULL)[0m
  ↳ bin/rails:9
  [1m[35m (0.2ms)[0m  [1m[34mSELECT pg_try_advisory_lock(482032964857270260)[0m
  ↳ bin/rails:9
  [1m[35m (0.8ms)[0m  [1m[34mSELECT "schema_migrations"."version" FROM "schema_migrations" ORDER BY "schema_migrations"."version" ASC[0m
  ↳ bin/rails:9
Migrating to CreateTodo (20211021174621)
  [1m[35m (0.2ms)[0m  [1m[35mBEGIN[0m
  ↳ bin/rails:9
  [1m[35m (10.0ms)[0m  [1m[35mCREATE TABLE "todos" ("id" bigserial primary key, "title" character varying NOT NULL, "body" character varying NOT NULL, "done" boolean NOT NULL, "created_at" timestamp NOT NULL, "updated_at" timestamp NOT NULL)[0m
  ↳ db/migrate/20211021174621_create_todo.rb:3
  [1m[36mActiveRecord::SchemaMigration Create (0.7ms)[0m  [1m[32mINSERT INTO "schema_migrations" ("version") VALUES ($1) RETURNING "version"[0m  [["version", "20211021174621"]]
  ↳ bin/rails:9
  [1m[35m (0.3ms)[0m  [1m[35mCOMMIT[0m
  ↳ bin/rails:9
  [1m[36mActiveRecord::InternalMetadata Load (0.5ms)[0m  [1m[34mSELECT  "ar_internal_metadata".* FROM "ar_internal_metadata" WHERE "ar_internal_metadata"."key" = $1 LIMIT $2[0m  [["key", "environment"], ["LIMIT", 1]]
  ↳ bin/rails:9
  [1m[35m (14.7ms)[0m  [1m[35mBEGIN[0m
  ↳ bin/rails:9
  [1m[36mActiveRecord::InternalMetadata Create (1.2ms)[0m  [1m[32mINSERT INTO "ar_internal_metadata" ("key", "value", "created_at", "updated_at") VALUES ($1, $2, $3, $4) RETURNING "key"[0m  [["key", "environment"], ["value", "development"], ["created_at", "2021-10-21 17:48:14.830661"], ["updated_at", "2021-10-21 17:48:14.830661"]]
  ↳ bin/rails:9
  [1m[35m (0.2ms)[0m  [1m[35mCOMMIT[0m
  ↳ bin/rails:9
  [1m[35m (0.2ms)[0m  [1m[34mSELECT pg_advisory_unlock(482032964857270260)[0m
  ↳ bin/rails:9
  [1m[35m (0.2ms)[0m  [1m[34mSELECT "schema_migrations"."version" FROM "schema_migrations" ORDER BY "schema_migrations"."version" ASC[0m
  ↳ bin/rails:9
  [1m[35m (10.7ms)[0m  [1m[35mBEGIN[0m
  [1m[36mTodo Create (1.1ms)[0m  [1m[32mINSERT INTO "todos" ("title", "body", "done", "created_at", "updated_at") VALUES ($1, $2, $3, $4, $5) RETURNING "id"[0m  [["title", "walk dog"], ["body", "walk the dog"], ["done", false], ["created_at", "2021-10-21 17:52:48.139407"], ["updated_at", "2021-10-21 17:52:48.139407"]]
  [1m[35m (0.6ms)[0m  [1m[35mCOMMIT[0m
  [1m[36mTodo Load (0.4ms)[0m  [1m[34mSELECT "todos".* FROM "todos"[0m
  [1m[35m (0.3ms)[0m  [1m[35mBEGIN[0m
  [1m[36mTodo Create (0.3ms)[0m  [1m[32mINSERT INTO "todos" ("title", "body", "done", "created_at", "updated_at") VALUES ($1, $2, $3, $4, $5) RETURNING "id"[0m  [["title", "walk cat"], ["body", "walk the cat"], ["done", false], ["created_at", "2021-10-21 17:53:24.960813"], ["updated_at", "2021-10-21 17:53:24.960813"]]
  [1m[35m (0.5ms)[0m  [1m[35mCOMMIT[0m
  [1m[36mTodo Load (7.2ms)[0m  [1m[34mSELECT "todos".* FROM "todos"[0m
Started GET "/" for ::1 at 2021-10-21 14:10:00 -0400
  [1m[35m (0.9ms)[0m  [1m[34mSELECT "schema_migrations"."version" FROM "schema_migrations" ORDER BY "schema_migrations"."version" ASC[0m
  ↳ /Users/jonathanberzon/.rbenv/versions/2.5.1/lib/ruby/gems/2.5.0/gems/activerecord-5.2.6/lib/active_record/log_subscriber.rb:98
Processing by StaticPagesController#root as HTML
  Rendering static_pages/root.html.erb within layouts/application
  Rendered static_pages/root.html.erb within layouts/application (1.1ms)
Completed 200 OK in 357ms (Views: 356.3ms | ActiveRecord: 0.0ms)


  [1m[35m (0.8ms)[0m  [1m[34mSELECT "schema_migrations"."version" FROM "schema_migrations" ORDER BY "schema_migrations"."version" ASC[0m
  ↳ bin/rails:9
  [1m[35m (0.1ms)[0m  [1m[35mBEGIN[0m
  ↳ db/seeds.rb:10
  [1m[36mTodo Load (0.5ms)[0m  [1m[34mSELECT "todos".* FROM "todos"[0m
  ↳ db/seeds.rb:11
  [1m[36mTodo Destroy (12.3ms)[0m  [1m[31mDELETE FROM "todos" WHERE "todos"."id" = $1[0m  [["id", 1]]
  ↳ db/seeds.rb:11
  [1m[36mTodo Destroy (0.3ms)[0m  [1m[31mDELETE FROM "todos" WHERE "todos"."id" = $1[0m  [["id", 2]]
  ↳ db/seeds.rb:11
  [1m[36mTodo Create (0.5ms)[0m  [1m[32mINSERT INTO "todos" ("title", "body", "done", "created_at", "updated_at") VALUES ($1, $2, $3, $4, $5) RETURNING "id"[0m  [["title", "Walk doge"], ["body", "walk the doge ASAP"], ["done", false], ["created_at", "2021-10-21 18:13:43.639667"], ["updated_at", "2021-10-21 18:13:43.639667"]]
  ↳ db/seeds.rb:13
  [1m[36mTodo Create (0.2ms)[0m  [1m[32mINSERT INTO "todos" ("title", "body", "done", "created_at", "updated_at") VALUES ($1, $2, $3, $4, $5) RETURNING "id"[0m  [["title", "Walk cat"], ["body", "walk the cat ASAP"], ["done", true], ["created_at", "2021-10-21 18:13:43.641354"], ["updated_at", "2021-10-21 18:13:43.641354"]]
  ↳ db/seeds.rb:14
  [1m[36mTodo Create (0.2ms)[0m  [1m[32mINSERT INTO "todos" ("title", "body", "done", "created_at", "updated_at") VALUES ($1, $2, $3, $4, $5) RETURNING "id"[0m  [["title", "Walk snake"], ["body", "walk the snake ASAP"], ["done", false], ["created_at", "2021-10-21 18:13:43.642325"], ["updated_at", "2021-10-21 18:13:43.642325"]]
  ↳ db/seeds.rb:15
  [1m[36mTodo Create (0.3ms)[0m  [1m[32mINSERT INTO "todos" ("title", "body", "done", "created_at", "updated_at") VALUES ($1, $2, $3, $4, $5) RETURNING "id"[0m  [["title", "Walk elephant"], ["body", "walk the elephant ASAP"], ["done", true], ["created_at", "2021-10-21 18:13:43.643209"], ["updated_at", "2021-10-21 18:13:43.643209"]]
  ↳ db/seeds.rb:16
  [1m[35m (0.6ms)[0m  [1m[35mCOMMIT[0m
  ↳ db/seeds.rb:10
  [1m[36mTodo Load (0.8ms)[0m  [1m[34mSELECT "todos".* FROM "todos"[0m
Started GET "/" for ::1 at 2021-10-21 14:15:50 -0400
Processing by StaticPagesController#root as HTML
  Rendering static_pages/root.html.erb within layouts/application
  Rendered static_pages/root.html.erb within layouts/application (0.3ms)
Completed 200 OK in 73ms (Views: 73.1ms | ActiveRecord: 0.0ms)


Started GET "/api/todos" for ::1 at 2021-10-21 14:15:59 -0400
Processing by Api::TodosController#index as JSON
  [1m[36mTodo Load (6.9ms)[0m  [1m[34mSELECT "todos".* FROM "todos"[0m
  ↳ app/controllers/api/todos_controller.rb:8
Completed 200 OK in 25ms (Views: 7.2ms | ActiveRecord: 15.8ms)


Started DELETE "/api/todo/3" for ::1 at 2021-10-21 14:17:06 -0400
  
ActionController::RoutingError (No route matches [DELETE] "/api/todo/3"):
  
actionpack (5.2.6) lib/action_dispatch/middleware/debug_exceptions.rb:65:in `call'
web-console (3.7.0) lib/web_console/middleware.rb:135:in `call_app'
web-console (3.7.0) lib/web_console/middleware.rb:30:in `block in call'
web-console (3.7.0) lib/web_console/middleware.rb:20:in `catch'
web-console (3.7.0) lib/web_console/middleware.rb:20:in `call'
actionpack (5.2.6) lib/action_dispatch/middleware/show_exceptions.rb:33:in `call'
railties (5.2.6) lib/rails/rack/logger.rb:38:in `call_app'
railties (5.2.6) lib/rails/rack/logger.rb:26:in `block in call'
activesupport (5.2.6) lib/active_support/tagged_logging.rb:71:in `block in tagged'
activesupport (5.2.6) lib/active_support/tagged_logging.rb:28:in `tagged'
activesupport (5.2.6) lib/active_support/tagged_logging.rb:71:in `tagged'
railties (5.2.6) lib/rails/rack/logger.rb:26:in `call'
sprockets-rails (3.2.2) lib/sprockets/rails/quiet_assets.rb:13:in `call'
actionpack (5.2.6) lib/action_dispatch/middleware/remote_ip.rb:81:in `call'
actionpack (5.2.6) lib/action_dispatch/middleware/request_id.rb:27:in `call'
rack (2.2.3) lib/rack/method_override.rb:24:in `call'
rack (2.2.3) lib/rack/runtime.rb:22:in `call'
activesupport (5.2.6) lib/active_support/cache/strategy/local_cache_middleware.rb:29:in `call'
actionpack (5.2.6) lib/action_dispatch/middleware/executor.rb:14:in `call'
actionpack (5.2.6) lib/action_dispatch/middleware/static.rb:127:in `call'
rack (2.2.3) lib/rack/sendfile.rb:110:in `call'
railties (5.2.6) lib/rails/engine.rb:524:in `call'
puma (3.12.6) lib/puma/configuration.rb:227:in `call'
puma (3.12.6) lib/puma/server.rb:706:in `handle_request'
puma (3.12.6) lib/puma/server.rb:476:in `process_client'
puma (3.12.6) lib/puma/server.rb:334:in `block in run'
puma (3.12.6) lib/puma/thread_pool.rb:135:in `block in spawn_thread'
Started DELETE "/api/todos/3" for ::1 at 2021-10-21 14:17:48 -0400
Processing by Api::TodosController#destroy as JSON
  Parameters: {"id"=>"3"}
  [1m[36mTodo Load (0.5ms)[0m  [1m[34mSELECT  "todos".* FROM "todos" WHERE "todos"."id" = $1 LIMIT $2[0m  [["id", 3], ["LIMIT", 1]]
  ↳ app/controllers/api/todos_controller.rb:30
  [1m[35m (0.3ms)[0m  [1m[35mBEGIN[0m
  ↳ app/controllers/api/todos_controller.rb:31
  [1m[36mTodo Destroy (0.5ms)[0m  [1m[31mDELETE FROM "todos" WHERE "todos"."id" = $1[0m  [["id", 3]]
  ↳ app/controllers/api/todos_controller.rb:31
  [1m[35m (0.8ms)[0m  [1m[35mCOMMIT[0m
  ↳ app/controllers/api/todos_controller.rb:31
No template found for Api::TodosController#destroy, rendering head :no_content
Completed 204 No Content in 161ms (ActiveRecord: 2.3ms)


Started GET "/api/todos" for ::1 at 2021-10-21 14:18:02 -0400
Processing by Api::TodosController#index as JSON
  [1m[36mTodo Load (0.4ms)[0m  [1m[34mSELECT "todos".* FROM "todos"[0m
  ↳ app/controllers/api/todos_controller.rb:8
Completed 200 OK in 2ms (Views: 1.6ms | ActiveRecord: 0.4ms)


Started GET "/" for ::1 at 2021-10-21 14:18:12 -0400
Processing by StaticPagesController#root as HTML
  Rendering static_pages/root.html.erb within layouts/application
  Rendered static_pages/root.html.erb within layouts/application (0.3ms)
Completed 200 OK in 21ms (Views: 21.2ms | ActiveRecord: 0.0ms)


Started GET "/api/todos" for ::1 at 2021-10-21 14:18:17 -0400
Processing by Api::TodosController#index as JSON
  [1m[36mTodo Load (15.5ms)[0m  [1m[34mSELECT "todos".* FROM "todos"[0m
  ↳ app/controllers/api/todos_controller.rb:8
Completed 200 OK in 17ms (Views: 1.3ms | ActiveRecord: 15.5ms)


  [1m[35m (1.0ms)[0m  [1m[34mSELECT "schema_migrations"."version" FROM "schema_migrations" ORDER BY "schema_migrations"."version" ASC[0m
  ↳ bin/rails:9
  [1m[35m (0.1ms)[0m  [1m[35mBEGIN[0m
  ↳ db/seeds.rb:10
  [1m[36mTodo Load (0.5ms)[0m  [1m[34mSELECT "todos".* FROM "todos"[0m
  ↳ db/seeds.rb:11
  [1m[36mTodo Destroy (0.6ms)[0m  [1m[31mDELETE FROM "todos" WHERE "todos"."id" = $1[0m  [["id", 4]]
  ↳ db/seeds.rb:11
  [1m[36mTodo Destroy (0.2ms)[0m  [1m[31mDELETE FROM "todos" WHERE "todos"."id" = $1[0m  [["id", 5]]
  ↳ db/seeds.rb:11
  [1m[36mTodo Destroy (16.8ms)[0m  [1m[31mDELETE FROM "todos" WHERE "todos"."id" = $1[0m  [["id", 6]]
  ↳ db/seeds.rb:11
  [1m[36mTodo Create (0.6ms)[0m  [1m[32mINSERT INTO "todos" ("title", "body", "done", "created_at", "updated_at") VALUES ($1, $2, $3, $4, $5) RETURNING "id"[0m  [["title", "Walk doge"], ["body", "walk the doge ASAP"], ["done", false], ["created_at", "2021-10-21 18:18:27.434742"], ["updated_at", "2021-10-21 18:18:27.434742"]]
  ↳ db/seeds.rb:13
  [1m[36mTodo Create (0.2ms)[0m  [1m[32mINSERT INTO "todos" ("title", "body", "done", "created_at", "updated_at") VALUES ($1, $2, $3, $4, $5) RETURNING "id"[0m  [["title", "Walk cat"], ["body", "walk the cat ASAP"], ["done", true], ["created_at", "2021-10-21 18:18:27.436391"], ["updated_at", "2021-10-21 18:18:27.436391"]]
  ↳ db/seeds.rb:14
  [1m[36mTodo Create (0.3ms)[0m  [1m[32mINSERT INTO "todos" ("title", "body", "done", "created_at", "updated_at") VALUES ($1, $2, $3, $4, $5) RETURNING "id"[0m  [["title", "Walk snake"], ["body", "walk the snake ASAP"], ["done", false], ["created_at", "2021-10-21 18:18:27.437421"], ["updated_at", "2021-10-21 18:18:27.437421"]]
  ↳ db/seeds.rb:15
  [1m[36mTodo Create (0.3ms)[0m  [1m[32mINSERT INTO "todos" ("title", "body", "done", "created_at", "updated_at") VALUES ($1, $2, $3, $4, $5) RETURNING "id"[0m  [["title", "Walk elephant"], ["body", "walk the elephant ASAP"], ["done", true], ["created_at", "2021-10-21 18:18:27.438669"], ["updated_at", "2021-10-21 18:18:27.438669"]]
  ↳ db/seeds.rb:16
  [1m[35m (0.6ms)[0m  [1m[35mCOMMIT[0m
  ↳ db/seeds.rb:10
Started GET "/api/todos" for ::1 at 2021-10-21 14:18:30 -0400
Processing by Api::TodosController#index as JSON
  [1m[36mTodo Load (0.5ms)[0m  [1m[34mSELECT "todos".* FROM "todos"[0m
  ↳ app/controllers/api/todos_controller.rb:8
Completed 200 OK in 3ms (Views: 2.2ms | ActiveRecord: 0.5ms)


Started GET "/" for ::1 at 2021-10-21 14:23:19 -0400
Processing by StaticPagesController#root as HTML
  Rendering static_pages/root.html.erb within layouts/application
  Rendered static_pages/root.html.erb within layouts/application (0.5ms)
Completed 200 OK in 126ms (Views: 126.2ms | ActiveRecord: 0.0ms)


Started GET "/" for ::1 at 2021-10-21 14:27:52 -0400
Processing by StaticPagesController#root as HTML
  Rendering static_pages/root.html.erb within layouts/application
  Rendered static_pages/root.html.erb within layouts/application (0.6ms)
Completed 200 OK in 36ms (Views: 36.2ms | ActiveRecord: 0.0ms)


Started GET "/" for ::1 at 2021-10-21 14:29:36 -0400
Processing by StaticPagesController#root as HTML
  Rendering static_pages/root.html.erb within layouts/application
  Rendered static_pages/root.html.erb within layouts/application (0.5ms)
Completed 200 OK in 29ms (Views: 29.3ms | ActiveRecord: 0.0ms)


Started GET "/" for ::1 at 2021-10-21 14:30:02 -0400
Processing by StaticPagesController#root as HTML
  Rendering static_pages/root.html.erb within layouts/application
  Rendered static_pages/root.html.erb within layouts/application (0.3ms)
Completed 200 OK in 408ms (Views: 407.4ms | ActiveRecord: 0.0ms)


Started GET "/api/todos" for ::1 at 2021-10-21 14:30:09 -0400
Processing by Api::TodosController#index as JSON
  [1m[36mTodo Load (0.3ms)[0m  [1m[34mSELECT "todos".* FROM "todos"[0m
  ↳ app/controllers/api/todos_controller.rb:8
Completed 200 OK in 3ms (Views: 2.2ms | ActiveRecord: 0.3ms)


Started GET "/api/todos" for ::1 at 2021-10-21 14:30:40 -0400
Processing by Api::TodosController#index as JSON
  [1m[36mTodo Load (0.5ms)[0m  [1m[34mSELECT "todos".* FROM "todos"[0m
  ↳ app/controllers/api/todos_controller.rb:8
Completed 200 OK in 3ms (Views: 1.9ms | ActiveRecord: 0.5ms)


Started GET "/" for ::1 at 2021-10-21 14:37:32 -0400
Processing by StaticPagesController#root as HTML
  Rendering static_pages/root.html.erb within layouts/application
  Rendered static_pages/root.html.erb within layouts/application (0.4ms)
Completed 200 OK in 357ms (Views: 357.2ms | ActiveRecord: 0.0ms)


Started GET "/" for ::1 at 2021-10-21 14:42:37 -0400
Processing by StaticPagesController#root as HTML
  Rendering static_pages/root.html.erb within layouts/application
  Rendered static_pages/root.html.erb within layouts/application (0.3ms)
Completed 200 OK in 378ms (Views: 377.8ms | ActiveRecord: 0.0ms)


Started GET "/" for ::1 at 2021-10-21 14:44:32 -0400
Processing by StaticPagesController#root as HTML
  Rendering static_pages/root.html.erb within layouts/application
  Rendered static_pages/root.html.erb within layouts/application (0.3ms)
Completed 200 OK in 374ms (Views: 374.0ms | ActiveRecord: 0.0ms)


Started GET "/" for ::1 at 2021-10-21 14:53:21 -0400
Processing by StaticPagesController#root as HTML
  Rendering static_pages/root.html.erb within layouts/application
  Rendered static_pages/root.html.erb within layouts/application (0.4ms)
Completed 200 OK in 389ms (Views: 388.5ms | ActiveRecord: 0.0ms)


Started GET "/" for ::1 at 2021-10-21 14:53:55 -0400
Processing by StaticPagesController#root as HTML
  Rendering static_pages/root.html.erb within layouts/application
  Rendered static_pages/root.html.erb within layouts/application (0.3ms)
Completed 200 OK in 376ms (Views: 375.6ms | ActiveRecord: 0.0ms)


Started GET "/" for ::1 at 2021-10-21 14:54:44 -0400
Processing by StaticPagesController#root as HTML
  Rendering static_pages/root.html.erb within layouts/application
  Rendered static_pages/root.html.erb within layouts/application (0.3ms)
Completed 200 OK in 353ms (Views: 352.7ms | ActiveRecord: 0.0ms)


Started GET "/api/todos" for ::1 at 2021-10-21 14:55:02 -0400
Processing by Api::TodosController#index as JSON
  [1m[36mTodo Load (1.0ms)[0m  [1m[34mSELECT "todos".* FROM "todos"[0m
  ↳ app/controllers/api/todos_controller.rb:8
Completed 200 OK in 3ms (Views: 1.4ms | ActiveRecord: 1.0ms)


Started GET "/" for ::1 at 2021-10-21 14:55:30 -0400
Processing by StaticPagesController#root as HTML
  Rendering static_pages/root.html.erb within layouts/application
  Rendered static_pages/root.html.erb within layouts/application (0.3ms)
Completed 200 OK in 362ms (Views: 362.3ms | ActiveRecord: 0.0ms)


Started GET "/api/todos" for ::1 at 2021-10-21 14:55:54 -0400
Processing by Api::TodosController#index as JSON
  [1m[36mTodo Load (0.5ms)[0m  [1m[34mSELECT "todos".* FROM "todos"[0m
  ↳ app/controllers/api/todos_controller.rb:8
Completed 200 OK in 2ms (Views: 1.7ms | ActiveRecord: 0.5ms)


Started GET "/" for ::1 at 2021-10-21 14:56:25 -0400
Processing by StaticPagesController#root as HTML
  Rendering static_pages/root.html.erb within layouts/application
  Rendered static_pages/root.html.erb within layouts/application (0.3ms)
Completed 200 OK in 23ms (Views: 23.3ms | ActiveRecord: 0.0ms)


Started GET "/" for ::1 at 2021-10-21 15:02:24 -0400
Processing by StaticPagesController#root as HTML
  Rendering static_pages/root.html.erb within layouts/application
  Rendered static_pages/root.html.erb within layouts/application (0.5ms)
Completed 200 OK in 336ms (Views: 336.4ms | ActiveRecord: 0.0ms)


Started GET "/" for ::1 at 2021-10-21 15:02:29 -0400
Processing by StaticPagesController#root as HTML
  Rendering static_pages/root.html.erb within layouts/application
  Rendered static_pages/root.html.erb within layouts/application (0.3ms)
Completed 200 OK in 22ms (Views: 22.2ms | ActiveRecord: 0.0ms)


Started GET "/" for ::1 at 2021-10-21 15:02:30 -0400
Processing by StaticPagesController#root as HTML
  Rendering static_pages/root.html.erb within layouts/application
  Rendered static_pages/root.html.erb within layouts/application (0.3ms)
Completed 200 OK in 23ms (Views: 22.8ms | ActiveRecord: 0.0ms)


Started GET "/" for ::1 at 2021-10-21 15:02:48 -0400
Processing by StaticPagesController#root as HTML
  Rendering static_pages/root.html.erb within layouts/application
  Rendered static_pages/root.html.erb within layouts/application (0.3ms)
Completed 200 OK in 386ms (Views: 385.6ms | ActiveRecord: 0.0ms)


Started GET "/" for ::1 at 2021-10-21 15:02:52 -0400
Processing by StaticPagesController#root as HTML
  Rendering static_pages/root.html.erb within layouts/application
  Rendered static_pages/root.html.erb within layouts/application (0.3ms)
Completed 200 OK in 368ms (Views: 367.5ms | ActiveRecord: 0.0ms)


Started GET "/" for ::1 at 2021-10-21 15:03:21 -0400
Processing by StaticPagesController#root as HTML
  Rendering static_pages/root.html.erb within layouts/application
  Rendered static_pages/root.html.erb within layouts/application (0.3ms)
Completed 200 OK in 336ms (Views: 335.4ms | ActiveRecord: 0.0ms)


Started GET "/" for ::1 at 2021-10-21 15:03:26 -0400
Processing by StaticPagesController#root as HTML
  Rendering static_pages/root.html.erb within layouts/application
  Rendered static_pages/root.html.erb within layouts/application (0.4ms)
Completed 200 OK in 357ms (Views: 356.9ms | ActiveRecord: 0.0ms)


Started GET "/" for ::1 at 2021-10-21 15:03:46 -0400
Processing by StaticPagesController#root as HTML
  Rendering static_pages/root.html.erb within layouts/application
  Rendered static_pages/root.html.erb within layouts/application (0.3ms)
Completed 200 OK in 341ms (Views: 340.9ms | ActiveRecord: 0.0ms)


Started GET "/" for ::1 at 2021-10-21 15:04:08 -0400
Processing by StaticPagesController#root as HTML
  Rendering static_pages/root.html.erb within layouts/application
  Rendered static_pages/root.html.erb within layouts/application (0.3ms)
Completed 200 OK in 347ms (Views: 346.4ms | ActiveRecord: 0.0ms)


Started GET "/api/todos" for ::1 at 2021-10-21 15:04:09 -0400
Processing by Api::TodosController#index as JSON
  [1m[36mTodo Load (19.1ms)[0m  [1m[34mSELECT "todos".* FROM "todos"[0m
  ↳ app/controllers/api/todos_controller.rb:8
Completed 200 OK in 23ms (Views: 3.8ms | ActiveRecord: 19.1ms)


Started GET "/" for ::1 at 2021-10-21 15:05:08 -0400
Processing by StaticPagesController#root as HTML
  Rendering static_pages/root.html.erb within layouts/application
  Rendered static_pages/root.html.erb within layouts/application (0.3ms)
Completed 200 OK in 348ms (Views: 347.6ms | ActiveRecord: 0.0ms)


Started GET "/api/todos" for ::1 at 2021-10-21 15:05:08 -0400
Processing by Api::TodosController#index as JSON
  [1m[36mTodo Load (14.5ms)[0m  [1m[34mSELECT "todos".* FROM "todos"[0m
  ↳ app/controllers/api/todos_controller.rb:8
Completed 200 OK in 19ms (Views: 3.7ms | ActiveRecord: 14.5ms)


